0 info it worked if it ends with ok
1 verbose cli [ 'C:\\Program Files\\nodejs\\node.exe',
1 verbose cli   'C:\\Program Files\\nodejs\\node_modules\\npm\\bin\\npm-cli.js',
1 verbose cli   'start' ]
2 info using npm@3.10.10
3 info using node@v6.10.1
4 verbose run-script [ 'prestart', 'start', 'poststart' ]
5 info lifecycle polymer-starter-kit@0.0.0~prestart: polymer-starter-kit@0.0.0
6 silly lifecycle polymer-starter-kit@0.0.0~prestart: no script for prestart, continuing
7 info lifecycle polymer-starter-kit@0.0.0~start: polymer-starter-kit@0.0.0
8 verbose lifecycle polymer-starter-kit@0.0.0~start: unsafe-perm in lifecycle true
9 verbose lifecycle polymer-starter-kit@0.0.0~start: PATH: C:\Program Files\nodejs\node_modules\npm\bin\node-gyp-bin;C:\Users\Gtt\lab1\node_modules\.bin;C:\Program Files\Common Files\Microsoft Shared\Windows Live;C:\windows\system32;C:\windows;C:\windows\System32\Wbem;C:\windows\System32\WindowsPowerShell\v1.0\;C:\Program Files\Broadcom\Broadcom 802.11 Network Adapter\Driver;C:\Program Files\Windows Live\Shared;C:\Program Files\WIDCOMM\Bluetooth Software\;c:\Program Files\Microsoft SQL Server\100\Tools\Binn\;c:\Program Files\Microsoft SQL Server\100\DTS\Binn\;C:\Program Files\GtkSharp\2.12\bin;C:\Program Files\Git\cmd;C:\Program Files\nodejs\;C:\Users\Gtt\AppData\Roaming\npm;
10 verbose lifecycle polymer-starter-kit@0.0.0~start: CWD: C:\Users\Gtt\lab1
11 silly lifecycle polymer-starter-kit@0.0.0~start: Args: [ '/d /s /c', 'node ./bin/www' ]
12 silly lifecycle polymer-starter-kit@0.0.0~start: Returned: code: 3221225786  signal: null
13 info lifecycle polymer-starter-kit@0.0.0~start: Failed to exec start script
14 verbose stack Error: polymer-starter-kit@0.0.0 start: `node ./bin/www`
14 verbose stack Exit status 3221225786
14 verbose stack     at EventEmitter.<anonymous> (C:\Program Files\nodejs\node_modules\npm\lib\utils\lifecycle.js:255:16)
14 verbose stack     at emitTwo (events.js:106:13)
14 verbose stack     at EventEmitter.emit (events.js:191:7)
14 verbose stack     at ChildProcess.<anonymous> (C:\Program Files\nodejs\node_modules\npm\lib\utils\spawn.js:40:14)
14 verbose stack     at emitTwo (events.js:106:13)
14 verbose stack     at ChildProcess.emit (events.js:191:7)
14 verbose stack     at maybeClose (internal/child_process.js:886:16)
14 verbose stack     at Process.ChildProcess._handle.onexit (internal/child_process.js:226:5)
15 verbose pkgid polymer-starter-kit@0.0.0
16 verbose cwd C:\Users\Gtt\lab1
17 error Windows_NT 6.1.7601
18 error argv "C:\\Program Files\\nodejs\\node.exe" "C:\\Program Files\\nodejs\\node_modules\\npm\\bin\\npm-cli.js" "start"
19 error node v6.10.1
20 error npm  v3.10.10
21 error code ELIFECYCLE
22 error polymer-starter-kit@0.0.0 start: `node ./bin/www`
22 error Exit status 3221225786
23 error Failed at the polymer-starter-kit@0.0.0 start script 'node ./bin/www'.
23 error Make sure you have the latest version of node.js and npm installed.
23 error If you do, this is most likely a problem with the polymer-starter-kit package,
23 error not with npm itself.
23 error Tell the author that this fails on your system:
23 error     node ./bin/www
23 error You can get information on how to open an issue for this project with:
23 error     npm bugs polymer-starter-kit
23 error Or if that isn't available, you can get their info via:
23 error     npm owner ls polymer-starter-kit
23 error There is likely additional logging output above.
24 verbose exit [ 1, true ]
